#
# An unexpected error has been detected by HotSpot Virtual Machine:
#
#  EXCEPTION_ACCESS_VIOLATION (0xc0000005) at pc=0x6d6ab7de, pid=2524, tid=1332
#
# Java VM: Java HotSpot(TM) Client VM (1.5.0_05-b05 mixed mode)
# Problematic frame:
# V  [jvm.dll+0x6b7de]
#

---------------  T H R E A D  ---------------

Current thread (0x0082ba60):  VMThread [id=1332]

siginfo: ExceptionCode=0xc0000005, reading address 0x0b65fab0

Registers:
EAX=0x0b65fab4, EBX=0x00000000, ECX=0x0abafc24, EDX=0x00a52480
ESP=0x0abafbd0, EBP=0x0abafbe4, ESI=0x0abafbd8, EDI=0x0abafc34
EIP=0x6d6ab7de, EFLAGS=0x00010216

Top of Stack: (sp=0x0abafbd0)
0x0abafbd0:   0abafc34 0abafc24 0abafbf4 0b65fa8c
0x0abafbe0:   00a58253 0abafc08 6d6ab739 0abafbfc
0x0abafbf0:   0abafc34 00822340 0087d040 0b65fab4
0x0abafc00:   0b65fa8c 00a58253 0abafcc0 6d745288
0x0abafc10:   0abafcb4 0abafc34 00000000 00822340
0x0abafc20:   0087d040 0b65fa8c 00a58253 0b65fab4
0x0abafc30:   0082ba60 00000014 00000001 00000000
0x0abafc40:   00000000 00000010 00000001 00000000 

Instructions: (pc=0x6d6ab7de)
0x6d6ab7ce:   08 00 55 8b ec 83 ec 0c 8b 41 08 56 57 8d 75 f4
0x6d6ab7de:   8b 48 fc 89 4d f4 8b 08 8b 40 04 89 4d fc 89 45 


Stack: [0x0ab70000,0x0abb0000),  sp=0x0abafbd0,  free space=254k
Native frames: (J=compiled Java code, j=interpreted, Vv=VM code, C=native code)
V  [jvm.dll+0x6b7de]
V  [jvm.dll+0x6b739]
V  [jvm.dll+0x105288]
V  [jvm.dll+0x106851]
V  [jvm.dll+0x11d21c]
V  [jvm.dll+0x11cfbf]
C  [MSVCRT.dll+0x2a3b0]
C  [kernel32.dll+0xb50b]

VM_Operation (0x0b5ff4e4): exit, mode: safepoint, requested by thread 0x00868660


---------------  P R O C E S S  ---------------

Java Threads: ( => current thread )
  0x0087d040 JavaThread "Thread-2" [_thread_in_native, id=2704]
  0x008788e0 JavaThread "DestroyJavaVM" [_thread_blocked, id=3932]
  0x00868660 JavaThread "AWT-EventQueue-0" [_thread_blocked, id=1320]
  0x00868a90 JavaThread "AWT-Shutdown" [_thread_blocked, id=1420]
  0x0085baf0 JavaThread "Image Fetcher 3" daemon [_thread_blocked, id=3716]
  0x00856490 JavaThread "Image Fetcher 2" daemon [_thread_blocked, id=3136]
  0x008555f0 JavaThread "Image Fetcher 1" daemon [_thread_blocked, id=1100]
  0x00855e80 JavaThread "Image Fetcher 0" daemon [_thread_blocked, id=3728]
  0x00846030 JavaThread "Java2D Disposer" daemon [_thread_blocked, id=2828]
  0x00831e80 JavaThread "Low Memory Detector" daemon [_thread_blocked, id=3076]
  0x0082f830 JavaThread "CompilerThread0" daemon [_thread_blocked, id=1216]
  0x0082da80 JavaThread "Finalizer" daemon [_thread_blocked, id=1504]
  0x0082c7e0 JavaThread "Reference Handler" daemon [_thread_blocked, id=1152]

Other Threads:
=>0x0082ba60 VMThread [id=1332]

VM state:at safepoint (normal execution)

VM Mutex/Monitor currently owned by a thread:  ([mutex/lock_event])
[0x008223a0/0x000000dc] Safepoint_lock - owner thread: 0x0082ba60
[0x00822370/0x000000e4] Threads_lock - owner thread: 0x0082ba60

Heap
 def new generation   total 576K, used 368K [0x02ad0000, 0x02b70000, 0x02fb0000)
  eden space 512K,  59% used [0x02ad0000, 0x02b1c088, 0x02b50000)
  from space 64K, 100% used [0x02b60000, 0x02b70000, 0x02b70000)
  to   space 64K,   0% used [0x02b50000, 0x02b50000, 0x02b60000)
 tenured generation   total 2368K, used 2261K [0x02fb0000, 0x03200000, 0x06ad0000)
   the space 2368K,  95% used [0x02fb0000, 0x031e5788, 0x031e5800, 0x03200000)
 compacting perm gen  total 8192K, used 7684K [0x06ad0000, 0x072d0000, 0x0aad0000)
   the space 8192K,  93% used [0x06ad0000, 0x072510c8, 0x07251200, 0x072d0000)
No shared spaces configured.

Dynamic libraries:
0x00400000 - 0x0040c000 	C:\Program Files\Java\jre1.5.0_05\bin\javaw.exe
0x7c900000 - 0x7c9b0000 	C:\WINDOWS\system32\ntdll.dll
0x7c800000 - 0x7c8f4000 	C:\WINDOWS\system32\kernel32.dll
0x77dd0000 - 0x77e6b000 	C:\WINDOWS\system32\ADVAPI32.dll
0x77e70000 - 0x77f01000 	C:\WINDOWS\system32\RPCRT4.dll
0x77d40000 - 0x77dd0000 	C:\WINDOWS\system32\USER32.dll
0x77f10000 - 0x77f56000 	C:\WINDOWS\system32\GDI32.dll
0x77c10000 - 0x77c68000 	C:\WINDOWS\system32\MSVCRT.dll
0x6d640000 - 0x6d7cc000 	C:\Program Files\Java\jre1.5.0_05\bin\client\jvm.dll
0x76b40000 - 0x76b6d000 	C:\WINDOWS\system32\WINMM.dll
0x6d280000 - 0x6d288000 	C:\Program Files\Java\jre1.5.0_05\bin\hpi.dll
0x76bf0000 - 0x76bfb000 	C:\WINDOWS\system32\PSAPI.DLL
0x6d610000 - 0x6d61c000 	C:\Program Files\Java\jre1.5.0_05\bin\verify.dll
0x6d300000 - 0x6d31d000 	C:\Program Files\Java\jre1.5.0_05\bin\java.dll
0x6d630000 - 0x6d63f000 	C:\Program Files\Java\jre1.5.0_05\bin\zip.dll
0x6d000000 - 0x6d167000 	C:\Program Files\Java\jre1.5.0_05\bin\awt.dll
0x73000000 - 0x73026000 	C:\WINDOWS\system32\WINSPOOL.DRV
0x76390000 - 0x763ad000 	C:\WINDOWS\system32\IMM32.dll
0x774e0000 - 0x7761d000 	C:\WINDOWS\system32\ole32.dll
0x5ad70000 - 0x5ada8000 	C:\WINDOWS\system32\uxtheme.dll
0x73760000 - 0x737a9000 	C:\WINDOWS\system32\ddraw.dll
0x73bc0000 - 0x73bc6000 	C:\WINDOWS\system32\DCIMAN32.dll
0x73940000 - 0x73a10000 	C:\WINDOWS\system32\D3DIM700.DLL
0x10000000 - 0x10007000 	C:\Program Files\Logitech\MouseWare\System\LgWndHk.dll
0x7c9c0000 - 0x7d1d5000 	C:\WINDOWS\system32\shell32.dll
0x77f60000 - 0x77fd6000 	C:\WINDOWS\system32\SHLWAPI.dll
0x773d0000 - 0x774d2000 	C:\WINDOWS\WinSxS\x86_Microsoft.Windows.Common-Controls_6595b64144ccf1df_6.0.2600.2180_x-ww_a84f1ff9\comctl32.dll
0x5d090000 - 0x5d127000 	C:\WINDOWS\system32\comctl32.dll
0x6d240000 - 0x6d27d000 	C:\Program Files\Java\jre1.5.0_05\bin\fontmanager.dll
0x6d4c0000 - 0x6d4d3000 	C:\Program Files\Java\jre1.5.0_05\bin\net.dll
0x71ab0000 - 0x71ac7000 	C:\WINDOWS\system32\WS2_32.dll
0x71aa0000 - 0x71aa8000 	C:\WINDOWS\system32\WS2HELP.dll
0x6d4e0000 - 0x6d4e9000 	C:\Program Files\Java\jre1.5.0_05\bin\nio.dll
0x76fd0000 - 0x7704f000 	C:\WINDOWS\system32\CLBCATQ.DLL
0x77050000 - 0x77115000 	C:\WINDOWS\system32\COMRes.dll
0x77120000 - 0x771ac000 	C:\WINDOWS\system32\OLEAUT32.dll
0x77c00000 - 0x77c08000 	C:\WINDOWS\system32\VERSION.dll
0x0b600000 - 0x0b60b000 	C:\Program Files\Common Files\Logitech\Scrolling\LgMsgHk.dll
0x76080000 - 0x760e5000 	C:\WINDOWS\system32\MSVCP60.dll

VM Arguments:
java_command: C:\Documents and Settings\Dave\My Documents\Software Projects\Yr 12 SDD Major\JVector\JVector\lib\dist\JVector-0.20.1-install.jar

Environment Variables:
JAVA_HOME=C:\development\java\jdk1.5.0_05
PATH=C:\WINDOWS\system32;C:\WINDOWS;C:\WINDOWS\System32\Wbem;C:\development\java\apache-ant\bin;C:\development\java\jdk1.5.0_05\bin;C:\Program Files\Common Files\GTK\2.0\bin;C:\Program Files\PuTTY;C:\Program Files\Common Files\Autodesk Shared\;C:\Program Files\backburner 2\;C:\development\java\jikes-1.21\bin;C:\MATLAB7\bin\win32;C:\development\msys\bin;C:\development\msys\mingw\bin;C:\development\bin;C:\Program Files\ATI Technologies\ATI.ACE\;C:\Program Files\GnuPG
USERNAME=Dave
OS=Windows_NT
PROCESSOR_IDENTIFIER=x86 Family 6 Model 8 Stepping 1, AuthenticAMD



---------------  S Y S T E M  ---------------

OS: Windows XP Build 2600 Service Pack 2

CPU:total 1 family 6, cmov, cx8, fxsr, mmx, sse

Memory: 4k page, physical 1572336k(1075012k free), swap 1830936k(1457468k free)

vm_info: Java HotSpot(TM) Client VM (1.5.0_05-b05) for windows-x86, built on Aug 26 2005 15:36:02 by "java_re" with MS VC++ 6.0

